<?xml version="1.0" encoding="UTF-8"?>
<coverage generated="1569183256251" clover="3.2.0">
  <project timestamp="1569183256251" name="All files">
    <metrics statements="34" coveredstatements="33" conditionals="8" coveredconditionals="6" methods="5" coveredmethods="5" elements="47" coveredelements="44" complexity="0" loc="34" ncloc="34" packages="1" files="2" classes="2"/>
    <file name="linked-list.js" path="/Users/evan/codefellows/401/data-structures-and-algorithms/challenges/cc28-find-duplicates/linked-list.js">
      <metrics statements="31" coveredstatements="30" conditionals="8" coveredconditionals="6" methods="4" coveredmethods="4"/>
      <line num="3" count="1" type="stmt"/>
      <line num="7" count="1" type="stmt"/>
      <line num="11" count="7" type="stmt"/>
      <line num="12" count="7" type="stmt"/>
      <line num="13" count="7" type="stmt"/>
      <line num="14" count="7" type="stmt"/>
      <line num="19" count="1" type="stmt"/>
      <line num="20" count="1" type="stmt"/>
      <line num="21" count="1" type="stmt"/>
      <line num="22" count="1" type="stmt"/>
      <line num="23" count="1" type="stmt"/>
      <line num="25" count="1" type="cond" truecount="3" falsecount="1"/>
      <line num="26" count="0" type="stmt"/>
      <line num="29" count="1" type="stmt"/>
      <line num="30" count="8" type="stmt"/>
      <line num="32" count="8" type="cond" truecount="2" falsecount="0"/>
      <line num="33" count="5" type="stmt"/>
      <line num="34" count="5" type="stmt"/>
      <line num="35" count="5" type="stmt"/>
      <line num="37" count="3" type="cond" truecount="1" falsecount="1"/>
      <line num="38" count="3" type="stmt"/>
      <line num="39" count="3" type="stmt"/>
      <line num="41" count="8" type="stmt"/>
      <line num="46" count="1" type="stmt"/>
      <line num="47" count="1" type="stmt"/>
      <line num="48" count="1" type="stmt"/>
      <line num="49" count="4" type="stmt"/>
      <line num="50" count="4" type="stmt"/>
      <line num="52" count="1" type="stmt"/>
      <line num="53" count="1" type="stmt"/>
      <line num="57" count="1" type="stmt"/>
    </file>
    <file name="node.js" path="/Users/evan/codefellows/401/data-structures-and-algorithms/challenges/cc28-find-duplicates/node.js">
      <metrics statements="3" coveredstatements="3" conditionals="0" coveredconditionals="0" methods="1" coveredmethods="1"/>
      <line num="5" count="8" type="stmt"/>
      <line num="6" count="8" type="stmt"/>
      <line num="10" count="1" type="stmt"/>
    </file>
  </project>
</coverage>
