{"/Users/evan/codefellows/401/data-structures-and-algorithms/challenges/cc28-find-duplicates/linked-list.js": {"path":"/Users/evan/codefellows/401/data-structures-and-algorithms/challenges/cc28-find-duplicates/linked-list.js","statementMap":{"0":{"start":{"line":3,"column":13},"end":{"line":3,"column":30}},"1":{"start":{"line":7,"column":4},"end":{"line":7,"column":31}},"2":{"start":{"line":11,"column":18},"end":{"line":11,"column":33}},"3":{"start":{"line":12,"column":4},"end":{"line":12,"column":29}},"4":{"start":{"line":13,"column":4},"end":{"line":13,"column":24}},"5":{"start":{"line":14,"column":4},"end":{"line":14,"column":27}},"6":{"start":{"line":19,"column":15},"end":{"line":19,"column":24}},"7":{"start":{"line":20,"column":24},"end":{"line":20,"column":33}},"8":{"start":{"line":21,"column":23},"end":{"line":21,"column":27}},"9":{"start":{"line":22,"column":23},"end":{"line":22,"column":25}},"10":{"start":{"line":23,"column":16},"end":{"line":23,"column":17}},"11":{"start":{"line":25,"column":4},"end":{"line":27,"column":5}},"12":{"start":{"line":26,"column":6},"end":{"line":26,"column":13}},"13":{"start":{"line":29,"column":4},"end":{"line":42,"column":5}},"14":{"start":{"line":30,"column":6},"end":{"line":30,"column":45}},"15":{"start":{"line":32,"column":6},"end":{"line":40,"column":7}},"16":{"start":{"line":33,"column":8},"end":{"line":33,"column":44}},"17":{"start":{"line":34,"column":8},"end":{"line":34,"column":37}},"18":{"start":{"line":35,"column":8},"end":{"line":35,"column":43}},"19":{"start":{"line":37,"column":13},"end":{"line":40,"column":7}},"20":{"start":{"line":38,"column":8},"end":{"line":38,"column":43}},"21":{"start":{"line":39,"column":8},"end":{"line":39,"column":42}},"22":{"start":{"line":41,"column":6},"end":{"line":41,"column":15}},"23":{"start":{"line":46,"column":18},"end":{"line":46,"column":27}},"24":{"start":{"line":47,"column":22},"end":{"line":47,"column":24}},"25":{"start":{"line":48,"column":4},"end":{"line":51,"column":5}},"26":{"start":{"line":49,"column":6},"end":{"line":49,"column":38}},"27":{"start":{"line":50,"column":6},"end":{"line":50,"column":29}},"28":{"start":{"line":52,"column":4},"end":{"line":52,"column":29}},"29":{"start":{"line":53,"column":4},"end":{"line":53,"column":23}},"30":{"start":{"line":57,"column":0},"end":{"line":57,"column":28}}},"fnMap":{"0":{"name":"(anonymous_0)","decl":{"start":{"line":6,"column":2},"end":{"line":6,"column":3}},"loc":{"start":{"line":6,"column":16},"end":{"line":8,"column":3}},"line":6},"1":{"name":"(anonymous_1)","decl":{"start":{"line":10,"column":2},"end":{"line":10,"column":3}},"loc":{"start":{"line":10,"column":16},"end":{"line":15,"column":3}},"line":10},"2":{"name":"(anonymous_2)","decl":{"start":{"line":17,"column":2},"end":{"line":17,"column":3}},"loc":{"start":{"line":17,"column":22},"end":{"line":43,"column":3}},"line":17},"3":{"name":"(anonymous_3)","decl":{"start":{"line":45,"column":2},"end":{"line":45,"column":3}},"loc":{"start":{"line":45,"column":13},"end":{"line":54,"column":3}},"line":45}},"branchMap":{"0":{"loc":{"start":{"line":25,"column":4},"end":{"line":27,"column":5}},"type":"if","locations":[{"start":{"line":25,"column":4},"end":{"line":27,"column":5}},{"start":{"line":25,"column":4},"end":{"line":27,"column":5}}],"line":25},"1":{"loc":{"start":{"line":25,"column":8},"end":{"line":25,"column":37}},"type":"binary-expr","locations":[{"start":{"line":25,"column":8},"end":{"line":25,"column":18}},{"start":{"line":25,"column":22},"end":{"line":25,"column":37}}],"line":25},"2":{"loc":{"start":{"line":32,"column":6},"end":{"line":40,"column":7}},"type":"if","locations":[{"start":{"line":32,"column":6},"end":{"line":40,"column":7}},{"start":{"line":32,"column":6},"end":{"line":40,"column":7}}],"line":32},"3":{"loc":{"start":{"line":37,"column":13},"end":{"line":40,"column":7}},"type":"if","locations":[{"start":{"line":37,"column":13},"end":{"line":40,"column":7}},{"start":{"line":37,"column":13},"end":{"line":40,"column":7}}],"line":37}},"s":{"0":1,"1":1,"2":7,"3":7,"4":7,"5":7,"6":1,"7":1,"8":1,"9":1,"10":1,"11":1,"12":0,"13":1,"14":8,"15":8,"16":5,"17":5,"18":5,"19":3,"20":3,"21":3,"22":8,"23":1,"24":1,"25":1,"26":4,"27":4,"28":1,"29":1,"30":1},"f":{"0":1,"1":7,"2":1,"3":1},"b":{"0":[0,1],"1":[1,1],"2":[5,3],"3":[3,0]},"_coverageSchema":"43e27e138ebf9cfc5966b082cf9a028302ed4184","hash":"43896cb996bbf797da767c73f602f0b944721945"}
,"/Users/evan/codefellows/401/data-structures-and-algorithms/challenges/cc28-find-duplicates/node.js": {"path":"/Users/evan/codefellows/401/data-structures-and-algorithms/challenges/cc28-find-duplicates/node.js","statementMap":{"0":{"start":{"line":5,"column":4},"end":{"line":5,"column":23}},"1":{"start":{"line":6,"column":4},"end":{"line":6,"column":21}},"2":{"start":{"line":10,"column":0},"end":{"line":10,"column":22}}},"fnMap":{"0":{"name":"(anonymous_0)","decl":{"start":{"line":4,"column":2},"end":{"line":4,"column":3}},"loc":{"start":{"line":4,"column":20},"end":{"line":7,"column":3}},"line":4}},"branchMap":{},"s":{"0":8,"1":8,"2":1},"f":{"0":8},"b":{},"_coverageSchema":"43e27e138ebf9cfc5966b082cf9a028302ed4184","hash":"c472361ac5458d04a3b5b83d0922aa8b0bc99dd7"}
}
