TN:
SF:/Users/evan/codefellows/401/data-structures-and-algorithms/challenges/cc28-find-duplicates/linked-list.js
FN:6,(anonymous_0)
FN:10,(anonymous_1)
FN:17,(anonymous_2)
FN:45,(anonymous_3)
FNF:4
FNH:4
FNDA:1,(anonymous_0)
FNDA:7,(anonymous_1)
FNDA:1,(anonymous_2)
FNDA:1,(anonymous_3)
DA:3,1
DA:7,1
DA:11,7
DA:12,7
DA:13,7
DA:14,7
DA:19,1
DA:20,1
DA:21,1
DA:22,1
DA:23,1
DA:25,1
DA:26,0
DA:29,1
DA:30,8
DA:32,8
DA:33,5
DA:34,5
DA:35,5
DA:37,3
DA:38,3
DA:39,3
DA:41,8
DA:46,1
DA:47,1
DA:48,1
DA:49,4
DA:50,4
DA:52,1
DA:53,1
DA:57,1
LF:31
LH:30
BRDA:25,0,0,0
BRDA:25,0,1,1
BRDA:25,1,0,1
BRDA:25,1,1,1
BRDA:32,2,0,5
BRDA:32,2,1,3
BRDA:37,3,0,3
BRDA:37,3,1,0
BRF:8
BRH:6
end_of_record
TN:
SF:/Users/evan/codefellows/401/data-structures-and-algorithms/challenges/cc28-find-duplicates/node.js
FN:4,(anonymous_0)
FNF:1
FNH:1
FNDA:8,(anonymous_0)
DA:5,8
DA:6,8
DA:10,1
LF:3
LH:3
BRF:0
BRH:0
end_of_record
