{"/Users/evan/codefellows/401/data-structures-and-algorithms/cc27-find-largest/Node.js": {"path":"/Users/evan/codefellows/401/data-structures-and-algorithms/cc27-find-largest/Node.js","statementMap":{"0":{"start":{"line":3,"column":0},"end":{"line":10,"column":2}},"1":{"start":{"line":5,"column":4},"end":{"line":5,"column":23}},"2":{"start":{"line":7,"column":4},"end":{"line":7,"column":21}},"3":{"start":{"line":8,"column":4},"end":{"line":8,"column":22}}},"fnMap":{"0":{"name":"(anonymous_0)","decl":{"start":{"line":4,"column":2},"end":{"line":4,"column":3}},"loc":{"start":{"line":4,"column":21},"end":{"line":9,"column":3}},"line":4}},"branchMap":{},"s":{"0":1,"1":16,"2":16,"3":16},"f":{"0":16},"b":{},"_coverageSchema":"43e27e138ebf9cfc5966b082cf9a028302ed4184","hash":"754f24a454c4c34af48877a820ec1e72a3323838"}
,"/Users/evan/codefellows/401/data-structures-and-algorithms/cc27-find-largest/index.js": {"path":"/Users/evan/codefellows/401/data-structures-and-algorithms/cc27-find-largest/index.js","statementMap":{"0":{"start":{"line":3,"column":13},"end":{"line":3,"column":30}},"1":{"start":{"line":5,"column":12},"end":{"line":5,"column":24}},"2":{"start":{"line":6,"column":14},"end":{"line":6,"column":25}},"3":{"start":{"line":7,"column":13},"end":{"line":7,"column":24}},"4":{"start":{"line":8,"column":12},"end":{"line":8,"column":23}},"5":{"start":{"line":9,"column":12},"end":{"line":9,"column":23}},"6":{"start":{"line":10,"column":15},"end":{"line":10,"column":27}},"7":{"start":{"line":11,"column":15},"end":{"line":11,"column":27}},"8":{"start":{"line":12,"column":15},"end":{"line":12,"column":27}},"9":{"start":{"line":14,"column":0},"end":{"line":14,"column":16}},"10":{"start":{"line":15,"column":0},"end":{"line":15,"column":17}},"11":{"start":{"line":17,"column":0},"end":{"line":17,"column":17}},"12":{"start":{"line":18,"column":0},"end":{"line":18,"column":17}},"13":{"start":{"line":20,"column":0},"end":{"line":20,"column":20}},"14":{"start":{"line":21,"column":0},"end":{"line":21,"column":21}},"15":{"start":{"line":23,"column":0},"end":{"line":23,"column":19}},"16":{"start":{"line":26,"column":16},"end":{"line":26,"column":20}},"17":{"start":{"line":28,"column":20},"end":{"line":43,"column":1}},"18":{"start":{"line":29,"column":21},"end":{"line":41,"column":3}},"19":{"start":{"line":30,"column":4},"end":{"line":32,"column":5}},"20":{"start":{"line":31,"column":6},"end":{"line":31,"column":21}},"21":{"start":{"line":34,"column":4},"end":{"line":36,"column":5}},"22":{"start":{"line":35,"column":6},"end":{"line":35,"column":27}},"23":{"start":{"line":38,"column":4},"end":{"line":38,"column":45}},"24":{"start":{"line":39,"column":4},"end":{"line":39,"column":46}},"25":{"start":{"line":40,"column":4},"end":{"line":40,"column":19}},"26":{"start":{"line":42,"column":2},"end":{"line":42,"column":25}},"27":{"start":{"line":45,"column":0},"end":{"line":45,"column":29}}},"fnMap":{"0":{"name":"(anonymous_0)","decl":{"start":{"line":28,"column":20},"end":{"line":28,"column":21}},"loc":{"start":{"line":28,"column":39},"end":{"line":43,"column":1}},"line":28},"1":{"name":"(anonymous_1)","decl":{"start":{"line":29,"column":21},"end":{"line":29,"column":22}},"loc":{"start":{"line":29,"column":40},"end":{"line":41,"column":3}},"line":29}},"branchMap":{"0":{"loc":{"start":{"line":30,"column":4},"end":{"line":32,"column":5}},"type":"if","locations":[{"start":{"line":30,"column":4},"end":{"line":32,"column":5}},{"start":{"line":30,"column":4},"end":{"line":32,"column":5}}],"line":30},"1":{"loc":{"start":{"line":34,"column":4},"end":{"line":36,"column":5}},"type":"if","locations":[{"start":{"line":34,"column":4},"end":{"line":36,"column":5}},{"start":{"line":34,"column":4},"end":{"line":36,"column":5}}],"line":34},"2":{"loc":{"start":{"line":34,"column":8},"end":{"line":34,"column":40}},"type":"binary-expr","locations":[{"start":{"line":34,"column":8},"end":{"line":34,"column":16}},{"start":{"line":34,"column":20},"end":{"line":34,"column":40}}],"line":34}},"s":{"0":1,"1":1,"2":1,"3":1,"4":1,"5":1,"6":1,"7":1,"8":1,"9":1,"10":1,"11":1,"12":1,"13":1,"14":1,"15":1,"16":1,"17":1,"18":1,"19":17,"20":9,"21":8,"22":4,"23":8,"24":8,"25":8,"26":1,"27":1},"f":{"0":1,"1":17},"b":{"0":[9,8],"1":[4,4],"2":[8,7]},"_coverageSchema":"43e27e138ebf9cfc5966b082cf9a028302ed4184","hash":"fc1dd3f99910d1f33076cb92a92d7e228b47dab6"}
}
