TN:
SF:/Users/evan/codefellows/401/data-structures-and-algorithms/cc27-find-largest/Node.js
FN:4,(anonymous_0)
FNF:1
FNH:1
FNDA:16,(anonymous_0)
DA:3,1
DA:5,16
DA:7,16
DA:8,16
LF:4
LH:4
BRF:0
BRH:0
end_of_record
TN:
SF:/Users/evan/codefellows/401/data-structures-and-algorithms/cc27-find-largest/index.js
FN:28,(anonymous_0)
FN:29,(anonymous_1)
FNF:2
FNH:2
FNDA:1,(anonymous_0)
FNDA:17,(anonymous_1)
DA:3,1
DA:5,1
DA:6,1
DA:7,1
DA:8,1
DA:9,1
DA:10,1
DA:11,1
DA:12,1
DA:14,1
DA:15,1
DA:17,1
DA:18,1
DA:20,1
DA:21,1
DA:23,1
DA:26,1
DA:28,1
DA:29,1
DA:30,17
DA:31,9
DA:34,8
DA:35,4
DA:38,8
DA:39,8
DA:40,8
DA:42,1
DA:45,1
LF:28
LH:28
BRDA:30,0,0,9
BRDA:30,0,1,8
BRDA:34,1,0,4
BRDA:34,1,1,4
BRDA:34,2,0,8
BRDA:34,2,1,7
BRF:6
BRH:6
end_of_record
