TN:
SF:/Users/evan/codefellows/401/data-structures-and-algorithms/cc1/array-reverse.js
FN:3,(anonymous_0)
FNF:1
FNH:1
FNDA:4,(anonymous_0)
DA:3,1
DA:4,4
DA:7,4
DA:8,6
DA:9,6
DA:10,6
DA:12,4
DA:16,1
LF:8
LH:8
BRF:0
BRH:0
end_of_record
TN:
SF:/Users/evan/codefellows/401/data-structures-and-algorithms/cc13-multiBracketValidation/Index.js
FN:3,brackets
FNF:1
FNH:1
FNDA:6,brackets
DA:4,6
DA:5,6
DA:6,24
DA:7,8
DA:8,16
DA:9,7
DA:10,1
DA:11,1
DA:12,6
DA:13,0
DA:17,5
DA:18,1
DA:19,1
DA:20,4
DA:21,4
DA:22,4
DA:26,1
LF:17
LH:16
BRDA:6,0,0,8
BRDA:6,0,1,16
BRDA:6,1,0,24
BRDA:6,1,1,22
BRDA:6,1,2,18
BRDA:8,2,0,7
BRDA:8,2,1,9
BRDA:8,3,0,16
BRDA:8,3,1,13
BRDA:8,3,2,10
BRDA:9,4,0,1
BRDA:9,4,1,6
BRDA:12,5,0,0
BRDA:12,5,1,6
BRDA:17,6,0,1
BRDA:17,6,1,4
BRDA:20,7,0,4
BRDA:20,7,1,0
BRF:18
BRH:16
end_of_record
TN:
SF:/Users/evan/codefellows/401/data-structures-and-algorithms/cc17-binary-tree/Node.js
FN:4,(anonymous_0)
FNF:1
FNH:1
FNDA:8,(anonymous_0)
DA:3,1
DA:5,8
DA:7,8
DA:8,8
LF:4
LH:4
BRF:0
BRH:0
end_of_record
TN:
SF:/Users/evan/codefellows/401/data-structures-and-algorithms/cc17-binary-tree/index.js
FN:26,(anonymous_0)
FNF:1
FNH:1
FNDA:17,(anonymous_0)
DA:3,1
DA:5,1
DA:6,1
DA:7,1
DA:8,1
DA:9,1
DA:10,1
DA:11,1
DA:12,1
DA:14,1
DA:15,1
DA:17,1
DA:18,1
DA:20,1
DA:21,1
DA:23,1
DA:25,1
DA:26,1
DA:27,17
DA:28,9
DA:30,8
DA:31,4
DA:34,8
DA:35,8
DA:36,8
DA:39,1
DA:40,1
LF:27
LH:27
BRDA:27,0,0,9
BRDA:27,0,1,8
BRDA:30,1,0,4
BRDA:30,1,1,4
BRDA:30,2,0,8
BRDA:30,2,1,5
BRF:6
BRH:6
end_of_record
TN:
SF:/Users/evan/codefellows/401/data-structures-and-algorithms/cc18-path-length/Node.js
FN:4,(anonymous_0)
FNF:1
FNH:1
FNDA:8,(anonymous_0)
DA:3,1
DA:5,8
DA:7,8
DA:8,8
LF:4
LH:4
BRF:0
BRH:0
end_of_record
TN:
SF:/Users/evan/codefellows/401/data-structures-and-algorithms/cc18-path-length/index.js
FN:29,(anonymous_0)
FNF:1
FNH:1
FNDA:15,(anonymous_0)
DA:3,1
DA:5,1
DA:6,1
DA:7,1
DA:8,1
DA:9,1
DA:10,1
DA:11,1
DA:12,1
DA:14,1
DA:15,1
DA:17,1
DA:18,1
DA:20,1
DA:21,1
DA:23,1
DA:25,1
DA:26,1
DA:27,1
DA:29,1
DA:30,15
DA:31,7
DA:33,8
DA:34,7
DA:35,7
DA:37,8
DA:38,4
DA:39,4
DA:40,1
DA:41,1
DA:44,8
DA:45,1
DA:49,1
DA:50,1
LF:34
LH:34
BRDA:30,0,0,7
BRDA:30,0,1,8
BRDA:33,1,0,7
BRDA:33,1,1,1
BRDA:37,2,0,4
BRDA:37,2,1,4
BRDA:37,3,0,8
BRDA:37,3,1,4
BRDA:39,4,0,1
BRDA:39,4,1,3
BRDA:44,5,0,1
BRDA:44,5,1,7
BRF:12
BRH:12
end_of_record
TN:
SF:/Users/evan/codefellows/401/data-structures-and-algorithms/cc26-repeated-word/index.js
FN:5,repeatedWord
FNF:1
FNH:1
FNDA:4,repeatedWord
DA:3,1
DA:6,4
DA:7,4
DA:8,4
DA:10,4
DA:11,17
DA:12,15
DA:13,2
DA:14,2
DA:15,2
DA:19,1
DA:21,1
LF:12
LH:12
BRDA:11,0,0,15
BRDA:11,0,1,2
BRDA:13,1,0,2
BRDA:13,1,1,0
BRF:4
BRH:3
end_of_record
TN:
SF:/Users/evan/codefellows/401/data-structures-and-algorithms/cc27-find-largest/Node.js
FN:4,(anonymous_0)
FNF:1
FNH:1
FNDA:16,(anonymous_0)
DA:3,1
DA:5,16
DA:7,16
DA:8,16
LF:4
LH:4
BRF:0
BRH:0
end_of_record
TN:
SF:/Users/evan/codefellows/401/data-structures-and-algorithms/cc27-find-largest/index.js
FN:28,(anonymous_0)
FN:29,(anonymous_1)
FNF:2
FNH:0
FNDA:0,(anonymous_0)
FNDA:0,(anonymous_1)
DA:3,1
DA:5,1
DA:6,1
DA:7,1
DA:8,1
DA:9,1
DA:10,1
DA:11,1
DA:12,1
DA:14,1
DA:15,1
DA:17,1
DA:18,1
DA:20,1
DA:21,1
DA:23,1
DA:26,1
DA:28,1
DA:29,0
DA:30,0
DA:31,0
DA:34,0
DA:35,0
DA:38,0
DA:39,0
DA:40,0
DA:42,0
LF:27
LH:18
BRDA:30,0,0,0
BRDA:30,0,1,0
BRDA:34,1,0,0
BRDA:34,1,1,0
BRDA:34,2,0,0
BRDA:34,2,1,0
BRF:6
BRH:0
end_of_record
TN:
SF:/Users/evan/codefellows/401/data-structures-and-algorithms/cc28-find-duplicates/linked-list.js
FN:6,(anonymous_0)
FN:10,(anonymous_1)
FN:17,(anonymous_2)
FN:43,(anonymous_3)
FNF:4
FNH:4
FNDA:1,(anonymous_0)
FNDA:7,(anonymous_1)
FNDA:1,(anonymous_2)
FNDA:1,(anonymous_3)
DA:3,1
DA:7,1
DA:11,7
DA:12,7
DA:13,7
DA:14,7
DA:18,1
DA:19,1
DA:20,1
DA:21,1
DA:22,1
DA:24,1
DA:25,0
DA:28,1
DA:29,8
DA:31,8
DA:32,5
DA:33,5
DA:34,5
DA:35,3
DA:36,3
DA:37,3
DA:39,8
DA:44,1
DA:45,1
DA:46,1
DA:47,4
DA:48,4
DA:50,1
DA:51,1
DA:55,1
LF:31
LH:30
BRDA:24,0,0,0
BRDA:24,0,1,1
BRDA:24,1,0,1
BRDA:24,1,1,1
BRDA:31,2,0,5
BRDA:31,2,1,3
BRDA:35,3,0,3
BRDA:35,3,1,0
BRF:8
BRH:6
end_of_record
TN:
SF:/Users/evan/codefellows/401/data-structures-and-algorithms/cc28-find-duplicates/node.js
FN:4,(anonymous_0)
FNF:1
FNH:1
FNDA:8,(anonymous_0)
DA:5,8
DA:6,8
DA:10,1
LF:3
LH:3
BRF:0
BRH:0
end_of_record
TN:
SF:/Users/evan/codefellows/401/data-structures-and-algorithms/cc29-sumOdds/Node.js
FN:4,(anonymous_0)
FNF:1
FNH:1
FNDA:20,(anonymous_0)
DA:3,1
DA:5,20
DA:7,20
DA:8,20
LF:4
LH:4
BRF:0
BRH:0
end_of_record
TN:
SF:/Users/evan/codefellows/401/data-structures-and-algorithms/cc29-sumOdds/index.js
FN:28,(anonymous_0)
FNF:1
FNH:1
FNDA:44,(anonymous_0)
DA:3,1
DA:5,1
DA:6,1
DA:7,1
DA:8,1
DA:9,1
DA:10,1
DA:11,1
DA:12,1
DA:13,1
DA:15,1
DA:16,1
DA:18,1
DA:19,1
DA:21,1
DA:22,1
DA:24,1
DA:26,1
DA:28,1
DA:29,44
DA:30,24
DA:33,20
DA:34,8
DA:37,20
DA:38,20
DA:39,20
DA:42,1
DA:44,1
LF:28
LH:28
BRDA:28,0,0,4
BRDA:29,1,0,24
BRDA:29,1,1,20
BRDA:33,2,0,8
BRDA:33,2,1,12
BRF:5
BRH:5
end_of_record
TN:
SF:/Users/evan/codefellows/401/data-structures-and-algorithms/cc5-linked-list-implementation/linked-list.js
FN:6,(anonymous_0)
FN:10,(anonymous_1)
FN:17,(anonymous_2)
FN:29,(anonymous_3)
FN:40,(anonymous_4)
FN:51,(anonymous_5)
FNF:6
FNH:5
FNDA:1,(anonymous_0)
FNDA:3,(anonymous_1)
FNDA:2,(anonymous_2)
FNDA:0,(anonymous_3)
FNDA:1,(anonymous_4)
FNDA:1,(anonymous_5)
DA:3,1
DA:7,1
DA:11,3
DA:12,3
DA:13,3
DA:14,3
DA:18,2
DA:19,2
DA:20,5
DA:21,1
DA:22,1
DA:24,4
DA:26,1
DA:30,0
DA:31,0
DA:32,0
DA:33,0
DA:34,0
DA:36,0
DA:37,0
DA:41,1
DA:42,1
DA:43,1
DA:44,4
DA:45,4
DA:46,4
DA:48,1
DA:52,1
DA:56,1
LF:29
LH:22
BRDA:20,0,0,1
BRDA:20,0,1,4
BRF:2
BRH:2
end_of_record
TN:
SF:/Users/evan/codefellows/401/data-structures-and-algorithms/cc5-linked-list-implementation/node.js
FN:4,(anonymous_0)
FNF:1
FNH:1
FNDA:4,(anonymous_0)
DA:5,4
DA:6,4
DA:10,1
LF:3
LH:3
BRF:0
BRH:0
end_of_record
TN:
SF:/Users/evan/codefellows/401/data-structures-and-algorithms/cc6-class6/linked-list.js
FN:6,(anonymous_0)
FN:10,(anonymous_1)
FN:18,(anonymous_2)
FN:27,(anonymous_3)
FN:39,(anonymous_4)
FN:55,(anonymous_5)
FN:63,(anonymous_6)
FNF:7
FNH:7
FNDA:1,(anonymous_0)
FNDA:1,(anonymous_1)
FNDA:2,(anonymous_2)
FNDA:3,(anonymous_3)
FNDA:1,(anonymous_4)
FNDA:1,(anonymous_5)
FNDA:4,(anonymous_6)
DA:3,1
DA:7,1
DA:11,1
DA:12,0
DA:14,1
DA:20,2
DA:21,1
DA:23,1
DA:28,3
DA:30,3
DA:31,1
DA:33,2
DA:34,2
DA:36,3
DA:40,1
DA:41,1
DA:42,1
DA:43,1
DA:44,1
DA:45,1
DA:46,1
DA:47,1
DA:49,1
DA:50,1
DA:51,1
DA:56,1
DA:57,1
DA:58,3
DA:60,1
DA:64,4
DA:65,1
DA:67,3
DA:68,3
DA:69,3
DA:73,1
LF:35
LH:34
BRDA:11,0,0,0
BRDA:11,0,1,1
BRDA:20,1,0,1
BRDA:20,1,1,1
BRDA:30,2,0,1
BRDA:30,2,1,2
BRDA:39,3,0,1
BRDA:42,4,0,1
BRDA:42,4,1,1
BRDA:43,5,0,1
BRDA:43,5,1,0
BRDA:63,6,0,1
BRDA:64,7,0,1
BRDA:64,7,1,3
BRF:14
BRH:12
end_of_record
TN:
SF:/Users/evan/codefellows/401/data-structures-and-algorithms/cc6-class6/node.js
FN:4,(anonymous_0)
FNF:1
FNH:1
FNDA:5,(anonymous_0)
DA:5,5
DA:8,5
DA:12,1
LF:3
LH:3
BRF:0
BRH:0
end_of_record
TN:
SF:/Users/evan/codefellows/401/data-structures-and-algorithms/cc7-stacksAndQueues/node.js
FN:4,(anonymous_0)
FNF:1
FNH:1
FNDA:16,(anonymous_0)
DA:5,16
DA:6,16
DA:10,1
LF:3
LH:3
BRF:0
BRH:0
end_of_record
TN:
SF:/Users/evan/codefellows/401/data-structures-and-algorithms/cc7-stacksAndQueues/queues.js
FN:6,(anonymous_0)
FN:11,(anonymous_1)
FN:27,(anonymous_2)
FN:43,(anonymous_3)
FN:48,(anonymous_4)
FNF:5
FNH:4
FNDA:1,(anonymous_0)
FNDA:8,(anonymous_1)
FNDA:1,(anonymous_2)
FNDA:1,(anonymous_3)
FNDA:0,(anonymous_4)
DA:3,1
DA:7,1
DA:8,1
DA:12,8
DA:13,8
DA:14,7
DA:15,7
DA:17,8
DA:18,1
DA:20,8
DA:21,1
DA:23,8
DA:24,8
DA:29,1
DA:30,1
DA:31,1
DA:32,1
DA:33,3
DA:34,1
DA:35,1
DA:37,3
DA:39,1
DA:40,1
DA:44,1
DA:45,1
DA:49,0
DA:50,0
DA:51,0
DA:52,0
DA:73,1
LF:30
LH:26
BRDA:13,0,0,7
BRDA:13,0,1,1
BRDA:17,1,0,1
BRDA:17,1,1,7
BRDA:20,2,0,1
BRDA:20,2,1,7
BRDA:33,3,0,1
BRDA:33,3,1,2
BRF:8
BRH:8
end_of_record
TN:
SF:/Users/evan/codefellows/401/data-structures-and-algorithms/cc7-stacksAndQueues/stacks.js
FN:6,(anonymous_0)
FN:10,(anonymous_1)
FN:17,(anonymous_2)
FN:26,(anonymous_3)
FN:34,(anonymous_4)
FNF:5
FNH:4
FNDA:1,(anonymous_0)
FNDA:7,(anonymous_1)
FNDA:5,(anonymous_2)
FNDA:1,(anonymous_3)
FNDA:0,(anonymous_4)
DA:3,1
DA:7,1
DA:11,7
DA:12,7
DA:13,7
DA:14,7
DA:18,5
DA:19,5
DA:20,5
DA:21,5
DA:23,5
DA:27,1
DA:28,1
DA:29,2
DA:31,1
DA:35,0
DA:36,0
DA:37,0
DA:55,1
LF:19
LH:16
BRDA:19,0,0,5
BRDA:19,0,1,0
BRF:2
BRH:1
end_of_record
TN:
SF:/Users/evan/codefellows/401/data-structures-and-algorithms/cc8-class8/linked-list.js
FN:7,(anonymous_0)
FN:12,(anonymous_1)
FN:24,(anonymous_2)
FN:39,(anonymous_3)
FNF:4
FNH:4
FNDA:1,(anonymous_0)
FNDA:3,(anonymous_1)
FNDA:3,(anonymous_2)
FNDA:1,(anonymous_3)
DA:3,1
DA:8,1
DA:13,3
DA:15,3
DA:16,1
DA:18,2
DA:19,2
DA:21,3
DA:25,3
DA:26,3
DA:27,3
DA:28,9
DA:29,9
DA:30,9
DA:32,3
DA:33,3
DA:34,3
DA:36,3
DA:40,1
DA:41,1
DA:42,3
DA:43,3
DA:45,1
DA:49,1
LF:24
LH:24
BRDA:15,0,0,1
BRDA:15,0,1,2
BRF:2
BRH:2
end_of_record
TN:
SF:/Users/evan/codefellows/401/data-structures-and-algorithms/cc8-class8/node.js
FN:4,(anonymous_0)
FNF:1
FNH:1
FNDA:3,(anonymous_0)
DA:5,3
DA:6,3
DA:10,1
LF:3
LH:3
BRF:0
BRH:0
end_of_record
TN:
SF:/Users/evan/codefellows/401/data-structures-and-algorithms/cc8-queue-with-stacks/Index.js
FN:4,(anonymous_0)
FN:9,(anonymous_1)
FN:15,(anonymous_2)
FNF:3
FNH:3
FNDA:2,(anonymous_0)
FNDA:2,(anonymous_1)
FNDA:2,(anonymous_2)
DA:5,2
DA:6,2
DA:10,2
DA:11,2
DA:17,2
DA:18,8
DA:20,2
DA:21,8
DA:23,2
DA:26,1
DA:28,1
DA:29,1
DA:31,1
LF:13
LH:13
BRF:0
BRH:0
end_of_record
TN:
SF:/Users/evan/codefellows/401/data-structures-and-algorithms/cc9-mergeLists/Index.js
FN:6,(anonymous_0)
FN:10,(anonymous_1)
FNF:2
FNH:1
FNDA:1,(anonymous_0)
FNDA:0,(anonymous_1)
DA:3,1
DA:7,1
DA:11,0
DA:12,0
DA:13,0
DA:14,0
DA:15,0
DA:17,0
DA:18,0
DA:20,0
DA:21,0
DA:23,0
DA:24,0
DA:26,0
DA:32,1
LF:15
LH:3
BRDA:15,0,0,0
BRDA:15,0,1,0
BRF:2
BRH:0
end_of_record
TN:
SF:/Users/evan/codefellows/401/data-structures-and-algorithms/cc9-mergeLists/node.js
FN:4,(anonymous_0)
FNF:1
FNH:1
FNDA:1,(anonymous_0)
DA:5,1
DA:6,1
DA:10,1
LF:3
LH:3
BRF:0
BRH:0
end_of_record
